<?xml version="1.0" encoding="UTF-8"?>
<testsuites name="TestSuite1" time="65.9" tests="3" failures="0" errors="0">
   <testsuite name="TestSuite1" tests="3" failures="0" errors="0" time="65.9" skipped="0" timestamp="2021-08-27 13:38:52" hostname="Vikrant_Kumar - EPINHYDW09DC" id="Test Suites/TestSuite1">
      <properties>
         <property name="deviceName" value=""/>
         <property name="devicePlatform" value=""/>
         <property name="logFolder" value="C:\\Users\\Vikrant_Kumar\\git\\KatalonGitTest1\\Reports\\20210827_133847\\TestSuite1\\20210827_133849"/>
         <property name="logFiles" value="C:\\Users\\Vikrant_Kumar\\git\\KatalonGitTest1\\Reports\\20210827_133847\\TestSuite1\\20210827_133849\\execution0.log"/>
         <property name="attachments" value=""/>
         <property name="hostName" value="Vikrant_Kumar - EPINHYDW09DC"/>
         <property name="os" value="Windows 10 64bit"/>
         <property name="katalonVersion" value="8.1.0.208"/>
         <property name="browser" value="Firefox 91.0"/>
         <property name="hostAddress" value="192.168.0.109"/>
         <property name="sessionId" value="28b240da-e9e5-4d04-bc3c-ed0d9a8cc379"/>
         <property name="seleniumVersion" value="3.141.59"/>
         <property name="proxyInformation" value="ProxyInformation { proxyOption=NO_PROXY, proxyServerType=HTTP, username=, password=********, proxyServerAddress=, proxyServerPort=0, executionList=&quot;&quot;, isApplyToDesiredCapabilities=true }"/>
         <property name="platform" value="Windows 10"/>
      </properties>
      <testcase name="Test Cases/test1" time="52.455" classname="Test Cases/test1" status="PASSED">
         <system-out><![CDATA[2021-08-27 13:38:53 - [TEST_CASE][PASSED] - Test Cases/test1: Test Cases/test1

2021-08-27 13:38:53 - [TEST_STEP][PASSED] - openBrowser("www.amazon.com"): Browser is opened with url: 'www.amazon.com'

2021-08-27 13:38:54 - [MESSAGE][INFO] - Starting 'Firefox' driver

2021-08-27 13:38:54 - [MESSAGE][INFO] - Action delay is set to 0 milliseconds

2021-08-27 13:39:44 - [MESSAGE][PASSED] - Browser is opened with url: 'www.amazon.com'

2021-08-27 13:39:44 - [TEST_STEP][PASSED] - closeBrowser(): Browser is closed

2021-08-27 13:39:45 - [MESSAGE][PASSED] - Browser is closed]]></system-out>
         <system-err><![CDATA[]]></system-err>
      </testcase>
      <testcase name="Test Cases/test2" time="5.335" classname="Test Cases/test2" status="PASSED">
         <system-out><![CDATA[2021-08-27 13:39:45 - [TEST_CASE][PASSED] - Test Cases/test2: Test Cases/test2

2021-08-27 13:39:45 - [TEST_STEP][PASSED] - openBrowser("www.youtube.com"): Browser is opened with url: 'www.youtube.com'

2021-08-27 13:39:45 - [MESSAGE][INFO] - Starting 'Firefox' driver

2021-08-27 13:39:45 - [MESSAGE][INFO] - Action delay is set to 0 milliseconds

2021-08-27 13:39:49 - [MESSAGE][PASSED] - Browser is opened with url: 'www.youtube.com'

2021-08-27 13:39:49 - [TEST_STEP][PASSED] - closeBrowser(): Browser is closed

2021-08-27 13:39:50 - [MESSAGE][PASSED] - Browser is closed]]></system-out>
         <system-err><![CDATA[]]></system-err>
      </testcase>
      <testcase name="Test Cases/Test3" time="7.541" classname="Test Cases/Test3" status="PASSED">
         <system-out><![CDATA[2021-08-27 13:39:50 - [TEST_CASE][PASSED] - Test Cases/Test3: Test Cases/Test3

2021-08-27 13:39:51 - [TEST_STEP][PASSED] - openBrowser("www.google.com"): Browser is opened with url: 'www.google.com'

2021-08-27 13:39:51 - [MESSAGE][INFO] - Starting 'Firefox' driver

2021-08-27 13:39:51 - [MESSAGE][INFO] - Action delay is set to 0 milliseconds

2021-08-27 13:39:57 - [MESSAGE][PASSED] - Browser is opened with url: 'www.google.com'

2021-08-27 13:39:57 - [TEST_STEP][PASSED] - closeBrowser(): Browser is closed

2021-08-27 13:39:58 - [MESSAGE][PASSED] - Browser is closed]]></system-out>
         <system-err><![CDATA[]]></system-err>
      </testcase>
      <system-out><![CDATA[2021-08-27 13:38:52 - [TEST_SUITE][PASSED] - TestSuite1: Test Cases/Test3]]></system-out>
      <system-err><![CDATA[]]></system-err>
   </testsuite>
</testsuites>
